16:58:44 **** Build of configuration gcc-debug for project myTest20140210-10G ****
make MODE=debug CONFIGNAME=gcc-debug all 
OLT/DBA.cc
OLT/DBA.cc: In member function ‘void DBA::hungarian()’:
OLT/DBA.cc:1572:48: warning: comparison between signed and unsigned integer expressions [-Wsign-compare]
             for(int i = 0; i < costMatrix.size(); i++)
                                                ^
OLT/DBA.cc:1557:12: warning: variable ‘cost’ set but not used [-Wunused-but-set-variable]
     double cost;
            ^
Creating executable: out/gcc-debug//myTest20140210-10G
17:07:13 **** Incremental Build of configuration gcc-debug for project myTest20140210-10G ****
make MODE=debug CONFIGNAME=gcc-debug all 
ONU/Classifier.cc
ONU/Classifier.cc: In member function ‘virtual void Classifier::finish()’:
ONU/Classifier.cc:168:43: warning: comparison between signed and unsigned integer expressions [-Wsign-compare]
     if (getParentModule()->getId() - 1 == onuSize)
                                           ^
ONU/Classifier.cc:187:43: warning: comparison between signed and unsigned integer expressions [-Wsign-compare]
     if (getParentModule()->getId() - 1 == onuSize)
                                           ^
ONU/Classifier.cc: In member function ‘void Classifier::recvGateProcess(MPCPGate*)’:
ONU/Classifier.cc:214:14: warning: unused variable ‘downQueueLength’ [-Wunused-variable]
     uint16_t downQueueLength = gt->getQueueLength(0) + gt->getQueueLength(1);
              ^
Creating executable: out/gcc-debug//myTest20140210-10G
17:08:26 **** Incremental Build of configuration gcc-debug for project myTest20140210-10G ****
make MODE=debug CONFIGNAME=gcc-debug all 
OLT/DBA.cc
OLT/DBA.cc: In member function ‘void DBA::hungarian()’:
OLT/DBA.cc:1572:48: warning: comparison between signed and unsigned integer expressions [-Wsign-compare]
             for(int i = 0; i < costMatrix.size(); i++)
                                                ^
OLT/DBA.cc:1557:12: warning: variable ‘cost’ set but not used [-Wunused-but-set-variable]
     double cost;
            ^
Creating executable: out/gcc-debug//myTest20140210-10G
17:09:20 **** Incremental Build of configuration gcc-debug for project myTest20140210-10G ****
make MODE=debug CONFIGNAME=gcc-debug all 
OLT/DBA.cc
OLT/DBA.cc: In member function ‘void DBA::hungarian()’:
OLT/DBA.cc:1572:48: warning: comparison between signed and unsigned integer expressions [-Wsign-compare]
             for(int i = 0; i < costMatrix.size(); i++)
                                                ^
OLT/DBA.cc:1557:12: warning: variable ‘cost’ set but not used [-Wunused-but-set-variable]
     double cost;
            ^
Creating executable: out/gcc-debug//myTest20140210-10G
17:15:41 **** Incremental Build of configuration gcc-debug for project myTest20140210-10G ****
make MODE=debug CONFIGNAME=gcc-debug all 
17:35:58 **** Incremental Build of configuration gcc-debug for project myTest20140210-10G ****
make MODE=debug CONFIGNAME=gcc-debug all 
OLT/DBA.cc
OLT/DBA.cc: In member function ‘void DBA::hungarian()’:
OLT/DBA.cc:1572:48: warning: comparison between signed and unsigned integer expressions [-Wsign-compare]
             for(int i = 0; i < costMatrix.size(); i++)
                                                ^
OLT/DBA.cc:1557:12: warning: variable ‘cost’ set but not used [-Wunused-but-set-variable]
     double cost;
            ^
Creating executable: out/gcc-debug//myTest20140210-10G
02:01:59 **** Incremental Build of configuration gcc-debug for project myTest20140210-10G ****
make MODE=debug CONFIGNAME=gcc-debug all 
19:11:05 **** Incremental Build of configuration gcc-debug for project myTest20140210-10G ****
make MODE=debug CONFIGNAME=gcc-debug all 
OLT/DBA.cc
OLT/DBA.cc: In member function ‘void DBA::hungarian()’:
OLT/DBA.cc:1573:48: warning: comparison between signed and unsigned integer expressions [-Wsign-compare]
             for(int i = 0; i < costMatrix.size(); i++)
                                                ^
OLT/DBA.cc:1558:12: warning: variable ‘cost’ set but not used [-Wunused-but-set-variable]
     double cost;
            ^
Creating executable: out/gcc-debug//myTest20140210-10G
19:12:34 **** Incremental Build of configuration gcc-debug for project myTest20140210-10G ****
make MODE=debug CONFIGNAME=gcc-debug all 
19:13:30 **** Incremental Build of configuration gcc-debug for project myTest20140210-10G ****
make MODE=debug CONFIGNAME=gcc-debug all 
OLT/DBA.cc
OLT/DBA.cc: In member function ‘void DBA::hungarian()’:
OLT/DBA.cc:1574:48: warning: comparison between signed and unsigned integer expressions [-Wsign-compare]
             for(int i = 0; i < costMatrix.size(); i++)
                                                ^
OLT/DBA.cc:1559:12: warning: variable ‘cost’ set but not used [-Wunused-but-set-variable]
     double cost;
            ^
Creating executable: out/gcc-debug//myTest20140210-10G
20:50:31 **** Incremental Build of configuration gcc-debug for project myTest20140210-10G ****
make MODE=debug CONFIGNAME=gcc-debug all 
OLT/DBA.cc
OLT/DBA.cc: In member function ‘void DBA::hungarian()’:
OLT/DBA.cc:1575:48: warning: comparison between signed and unsigned integer expressions [-Wsign-compare]
             for(int i = 0; i < costMatrix.size(); i++)
                                                ^
OLT/DBA.cc:1560:12: warning: variable ‘cost’ set but not used [-Wunused-but-set-variable]
     double cost;
            ^
Creating executable: out/gcc-debug//myTest20140210-10G
20:55:26 **** Incremental Build of configuration gcc-debug for project myTest20140210-10G ****
make MODE=debug CONFIGNAME=gcc-debug all 
21:07:42 **** Incremental Build of configuration gcc-debug for project myTest20140210-10G ****
make MODE=debug CONFIGNAME=gcc-debug all 
OLT/DBA.cc
OLT/DBA.cc: In member function ‘void DBA::hungarian()’:
OLT/DBA.cc:1575:48: warning: comparison between signed and unsigned integer expressions [-Wsign-compare]
             for(int i = 0; i < costMatrix.size(); i++)
                                                ^
OLT/DBA.cc:1560:12: warning: variable ‘cost’ set but not used [-Wunused-but-set-variable]
     double cost;
            ^
Creating executable: out/gcc-debug//myTest20140210-10G
19:40:18 **** Incremental Build of configuration gcc-debug for project myTest20140210-10G ****
make MODE=debug CONFIGNAME=gcc-debug all 
OLT/DBA.cc
OLT/DBA.cc: In member function ‘void DBA::hungarian()’:
OLT/DBA.cc:1575:48: warning: comparison between signed and unsigned integer expressions [-Wsign-compare]
             for(int i = 0; i < costMatrix.size(); i++)
                                                ^
OLT/DBA.cc:1560:12: warning: variable ‘cost’ set but not used [-Wunused-but-set-variable]
     double cost;
            ^
OLT/OLT_Scheduler.cc
OLT/ONUTableEntry.cc
OLT/ONUTable.cc
ONU/PowerControler.cc
ONU/PowerControler.cc: In member function ‘virtual void PowerControler::finish()’:
ONU/PowerControler.cc:172:43: warning: comparison between signed and unsigned integer expressions [-Wsign-compare]
     if (getParentModule()->getId() - 1 == onuSize)
                                           ^
ONU/Scheduler.cc
ONU/Classifier.cc
ONU/Classifier.cc: In member function ‘virtual void Classifier::finish()’:
ONU/Classifier.cc:168:43: warning: comparison between signed and unsigned integer expressions [-Wsign-compare]
     if (getParentModule()->getId() - 1 == onuSize)
                                           ^
ONU/Classifier.cc:187:43: warning: comparison between signed and unsigned integer expressions [-Wsign-compare]
     if (getParentModule()->getId() - 1 == onuSize)
                                           ^
ONU/Classifier.cc: In member function ‘void Classifier::recvGateProcess(MPCPGate*)’:
ONU/Classifier.cc:214:14: warning: unused variable ‘downQueueLength’ [-Wunused-variable]
     uint16_t downQueueLength = gt->getQueueLength(0) + gt->getQueueLength(1);
              ^
Splitter/PON_Splitter.cc
traffic_gen/LocalNetwork.cc
traffic_gen/CoreNetwork.cc
traffic_gen/TrafficGen.cc
Creating executable: out/gcc-debug//myTest20140210-10G
18:02:00 **** Build of configuration gcc-debug for project myTest20140210-10G ****
make MODE=debug CONFIGNAME=gcc-debug all 
OLT/DBA.cc
OLT/DBA.cc: In member function ‘void DBA::hungarian()’:
OLT/DBA.cc:1579:48: warning: comparison between signed and unsigned integer expressions [-Wsign-compare]
             for(int i = 0; i < costMatrix.size(); i++)
                                                ^
OLT/DBA.cc:1564:12: warning: variable ‘cost’ set but not used [-Wunused-but-set-variable]
     double cost;
            ^
OLT/OLT_Scheduler.cc
OLT/ONUTableEntry.cc
OLT/ONUTable.cc
ONU/PowerControler.cc
ONU/PowerControler.cc: In member function ‘virtual void PowerControler::finish()’:
ONU/PowerControler.cc:172:43: warning: comparison between signed and unsigned integer expressions [-Wsign-compare]
     if (getParentModule()->getId() - 1 == onuSize)
                                           ^
ONU/Scheduler.cc
ONU/Classifier.cc
ONU/Classifier.cc: In member function ‘virtual void Classifier::finish()’:
ONU/Classifier.cc:168:43: warning: comparison between signed and unsigned integer expressions [-Wsign-compare]
     if (getParentModule()->getId() - 1 == onuSize)
                                           ^
ONU/Classifier.cc:187:43: warning: comparison between signed and unsigned integer expressions [-Wsign-compare]
     if (getParentModule()->getId() - 1 == onuSize)
                                           ^
ONU/Classifier.cc: In member function ‘void Classifier::recvGateProcess(MPCPGate*)’:
ONU/Classifier.cc:214:14: warning: unused variable ‘downQueueLength’ [-Wunused-variable]
     uint16_t downQueueLength = gt->getQueueLength(0) + gt->getQueueLength(1);
              ^
Splitter/PON_Splitter.cc
traffic_gen/LocalNetwork.cc
traffic_gen/CoreNetwork.cc
traffic_gen/TrafficGen.cc
Creating executable: out/gcc-debug//myTest20140210-10G
20:44:49 **** Incremental Build of configuration gcc-debug for project myTest20140210-10G ****
make MODE=debug CONFIGNAME=gcc-debug all 
OLT/DBA.cc
OLT/DBA.cc: In member function ‘void DBA::hungarian()’:
OLT/DBA.cc:1580:48: warning: comparison between signed and unsigned integer expressions [-Wsign-compare]
             for(int i = 0; i < costMatrix.size(); i++)
                                                ^
OLT/DBA.cc:1565:12: warning: variable ‘cost’ set but not used [-Wunused-but-set-variable]
     double cost;
            ^
Creating executable: out/gcc-debug//myTest20140210-10G
20:45:21 **** Incremental Build of configuration gcc-debug for project myTest20140210-10G ****
make MODE=debug CONFIGNAME=gcc-debug all 
OLT/DBA.cc
OLT/DBA.cc: In member function ‘void DBA::hungarian()’:
OLT/DBA.cc:1580:48: warning: comparison between signed and unsigned integer expressions [-Wsign-compare]
             for(int i = 0; i < costMatrix.size(); i++)
                                                ^
OLT/DBA.cc:1565:12: warning: variable ‘cost’ set but not used [-Wunused-but-set-variable]
     double cost;
            ^
Creating executable: out/gcc-debug//myTest20140210-10G
21:06:29 **** Incremental Build of configuration gcc-debug for project myTest20140210-10G ****
make MODE=debug CONFIGNAME=gcc-debug all 
OLT/DBA.cc
OLT/DBA.cc: In member function ‘void DBA::hungarian()’:
OLT/DBA.cc:1580:48: warning: comparison between signed and unsigned integer expressions [-Wsign-compare]
             for(int i = 0; i < costMatrix.size(); i++)
                                                ^
OLT/DBA.cc:1565:12: warning: variable ‘cost’ set but not used [-Wunused-but-set-variable]
     double cost;
            ^
Creating executable: out/gcc-debug//myTest20140210-10G
21:08:16 **** Incremental Build of configuration gcc-debug for project myTest20140210-10G ****
make MODE=debug CONFIGNAME=gcc-debug all 
OLT/DBA.cc
OLT/DBA.cc: In member function ‘void DBA::hungarian()’:
OLT/DBA.cc:1580:48: warning: comparison between signed and unsigned integer expressions [-Wsign-compare]
             for(int i = 0; i < costMatrix.size(); i++)
                                                ^
OLT/DBA.cc:1565:12: warning: variable ‘cost’ set but not used [-Wunused-but-set-variable]
     double cost;
            ^
Creating executable: out/gcc-debug//myTest20140210-10G
21:22:16 **** Incremental Build of configuration gcc-debug for project myTest20140210-10G ****
make MODE=debug CONFIGNAME=gcc-debug all 
OLT/DBA.cc
OLT/DBA.cc: In member function ‘int DBA::getDownstreamData(uint32_t)’:
OLT/DBA.cc:1330:26: warning: variable ‘dyMTU’ set but not used [-Wunused-but-set-variable]
                 uint32_t dyMTU = 0 ;
                          ^
OLT/DBA.cc: In member function ‘void DBA::hungarian()’:
OLT/DBA.cc:1580:48: warning: comparison between signed and unsigned integer expressions [-Wsign-compare]
             for(int i = 0; i < costMatrix.size(); i++)
                                                ^
OLT/DBA.cc:1565:12: warning: variable ‘cost’ set but not used [-Wunused-but-set-variable]
     double cost;
            ^
OLT/OLT_Scheduler.cc
OLT/ONUTableEntry.cc
OLT/ONUTable.cc
ONU/PowerControler.cc
ONU/PowerControler.cc: In member function ‘virtual void PowerControler::finish()’:
ONU/PowerControler.cc:172:43: warning: comparison between signed and unsigned integer expressions [-Wsign-compare]
     if (getParentModule()->getId() - 1 == onuSize)
                                           ^
ONU/Scheduler.cc
ONU/Classifier.cc
ONU/Classifier.cc: In member function ‘virtual void Classifier::finish()’:
ONU/Classifier.cc:168:43: warning: comparison between signed and unsigned integer expressions [-Wsign-compare]
     if (getParentModule()->getId() - 1 == onuSize)
                                           ^
ONU/Classifier.cc:187:43: warning: comparison between signed and unsigned integer expressions [-Wsign-compare]
     if (getParentModule()->getId() - 1 == onuSize)
                                           ^
ONU/Classifier.cc: In member function ‘void Classifier::recvGateProcess(MPCPGate*)’:
ONU/Classifier.cc:214:14: warning: unused variable ‘downQueueLength’ [-Wunused-variable]
     uint16_t downQueueLength = gt->getQueueLength(0) + gt->getQueueLength(1);
              ^
Splitter/PON_Splitter.cc
traffic_gen/LocalNetwork.cc
traffic_gen/CoreNetwork.cc
traffic_gen/TrafficGen.cc
Creating executable: out/gcc-debug//myTest20140210-10G
22:23:40 **** Incremental Build of configuration gcc-debug for project myTest20140210-10G ****
make MODE=debug CONFIGNAME=gcc-debug all 
22:57:24 **** Incremental Build of configuration gcc-debug for project myTest20140210-10G ****
make MODE=debug CONFIGNAME=gcc-debug all 
OLT/DBA.cc
OLT/DBA.cc: In member function ‘void DBA::hungarian()’:
OLT/DBA.cc:1580:48: warning: comparison between signed and unsigned integer expressions [-Wsign-compare]
             for(int i = 0; i < costMatrix.size(); i++)
                                                ^
OLT/DBA.cc:1565:12: warning: variable ‘cost’ set but not used [-Wunused-but-set-variable]
     double cost;
            ^
OLT/OLT_Scheduler.cc
OLT/ONUTableEntry.cc
OLT/ONUTable.cc
ONU/PowerControler.cc
ONU/PowerControler.cc: In member function ‘virtual void PowerControler::finish()’:
ONU/PowerControler.cc:172:43: warning: comparison between signed and unsigned integer expressions [-Wsign-compare]
     if (getParentModule()->getId() - 1 == onuSize)
                                           ^
ONU/Scheduler.cc
ONU/Classifier.cc
ONU/Classifier.cc: In member function ‘virtual void Classifier::finish()’:
ONU/Classifier.cc:168:43: warning: comparison between signed and unsigned integer expressions [-Wsign-compare]
     if (getParentModule()->getId() - 1 == onuSize)
                                           ^
ONU/Classifier.cc:187:43: warning: comparison between signed and unsigned integer expressions [-Wsign-compare]
     if (getParentModule()->getId() - 1 == onuSize)
                                           ^
ONU/Classifier.cc: In member function ‘void Classifier::recvGateProcess(MPCPGate*)’:
ONU/Classifier.cc:214:14: warning: unused variable ‘downQueueLength’ [-Wunused-variable]
     uint16_t downQueueLength = gt->getQueueLength(0) + gt->getQueueLength(1);
              ^
Splitter/PON_Splitter.cc
traffic_gen/LocalNetwork.cc
traffic_gen/CoreNetwork.cc
traffic_gen/TrafficGen.cc
Creating executable: out/gcc-debug//myTest20140210-10G
23:26:21 **** Incremental Build of configuration gcc-debug for project myTest20140210-10G ****
make MODE=debug CONFIGNAME=gcc-debug all 
OLT/DBA.cc
OLT/DBA.cc: In member function ‘void DBA::hungarian()’:
OLT/DBA.cc:1581:48: warning: comparison between signed and unsigned integer expressions [-Wsign-compare]
             for(int i = 0; i < costMatrix.size(); i++)
                                                ^
OLT/DBA.cc:1566:12: warning: variable ‘cost’ set but not used [-Wunused-but-set-variable]
     double cost;
            ^
Creating executable: out/gcc-debug//myTest20140210-10G
23:54:16 **** Incremental Build of configuration gcc-debug for project myTest20140210-10G ****
make MODE=debug CONFIGNAME=gcc-debug all 
OLT/DBA.cc
OLT/DBA.cc: In member function ‘int DBA::getDownstreamData(uint32_t)’:
OLT/DBA.cc:1331:26: warning: variable ‘dyMTU’ set but not used [-Wunused-but-set-variable]
                 uint32_t dyMTU = 0 ;
                          ^
OLT/DBA.cc: In member function ‘void DBA::hungarian()’:
OLT/DBA.cc:1581:48: warning: comparison between signed and unsigned integer expressions [-Wsign-compare]
             for(int i = 0; i < costMatrix.size(); i++)
                                                ^
OLT/DBA.cc:1566:12: warning: variable ‘cost’ set but not used [-Wunused-but-set-variable]
     double cost;
            ^
OLT/OLT_Scheduler.cc
OLT/ONUTableEntry.cc
OLT/ONUTable.cc
ONU/PowerControler.cc
ONU/PowerControler.cc: In member function ‘virtual void PowerControler::finish()’:
ONU/PowerControler.cc:172:43: warning: comparison between signed and unsigned integer expressions [-Wsign-compare]
     if (getParentModule()->getId() - 1 == onuSize)
                                           ^
ONU/Scheduler.cc
ONU/Classifier.cc
ONU/Classifier.cc: In member function ‘virtual void Classifier::finish()’:
ONU/Classifier.cc:168:43: warning: comparison between signed and unsigned integer expressions [-Wsign-compare]
     if (getParentModule()->getId() - 1 == onuSize)
                                           ^
ONU/Classifier.cc:187:43: warning: comparison between signed and unsigned integer expressions [-Wsign-compare]
     if (getParentModule()->getId() - 1 == onuSize)
                                           ^
ONU/Classifier.cc: In member function ‘void Classifier::recvGateProcess(MPCPGate*)’:
ONU/Classifier.cc:214:14: warning: unused variable ‘downQueueLength’ [-Wunused-variable]
     uint16_t downQueueLength = gt->getQueueLength(0) + gt->getQueueLength(1);
              ^
Splitter/PON_Splitter.cc
traffic_gen/LocalNetwork.cc
traffic_gen/CoreNetwork.cc
traffic_gen/TrafficGen.cc
Creating executable: out/gcc-debug//myTest20140210-10G
00:03:16 **** Incremental Build of configuration gcc-debug for project myTest20140210-10G ****
make MODE=debug CONFIGNAME=gcc-debug all 
OLT/DBA.cc
OLT/DBA.cc: In member function ‘void DBA::hungarian()’:
OLT/DBA.cc:1581:48: warning: comparison between signed and unsigned integer expressions [-Wsign-compare]
             for(int i = 0; i < costMatrix.size(); i++)
                                                ^
OLT/DBA.cc:1566:12: warning: variable ‘cost’ set but not used [-Wunused-but-set-variable]
     double cost;
            ^
Creating executable: out/gcc-debug//myTest20140210-10G
00:03:48 **** Incremental Build of configuration gcc-debug for project myTest20140210-10G ****
make MODE=debug CONFIGNAME=gcc-debug all 
OLT/DBA.cc
OLT/DBA.cc: In member function ‘void DBA::hungarian()’:
OLT/DBA.cc:1581:48: warning: comparison between signed and unsigned integer expressions [-Wsign-compare]
             for(int i = 0; i < costMatrix.size(); i++)
                                                ^
OLT/DBA.cc:1566:12: warning: variable ‘cost’ set but not used [-Wunused-but-set-variable]
     double cost;
            ^
Creating executable: out/gcc-debug//myTest20140210-10G
00:05:34 **** Incremental Build of configuration gcc-debug for project myTest20140210-10G ****
make MODE=debug CONFIGNAME=gcc-debug all 
OLT/DBA.cc
OLT/DBA.cc: In member function ‘void DBA::hungarian()’:
OLT/DBA.cc:1582:48: warning: comparison between signed and unsigned integer expressions [-Wsign-compare]
             for(int i = 0; i < costMatrix.size(); i++)
                                                ^
OLT/DBA.cc:1567:12: warning: variable ‘cost’ set but not used [-Wunused-but-set-variable]
     double cost;
            ^
Creating executable: out/gcc-debug//myTest20140210-10G
00:12:38 **** Incremental Build of configuration gcc-debug for project myTest20140210-10G ****
make MODE=debug CONFIGNAME=gcc-debug all 
OLT/DBA.cc
OLT/DBA.cc: In member function ‘void DBA::hungarian()’:
OLT/DBA.cc:1582:48: warning: comparison between signed and unsigned integer expressions [-Wsign-compare]
             for(int i = 0; i < costMatrix.size(); i++)
                                                ^
OLT/DBA.cc:1567:12: warning: variable ‘cost’ set but not used [-Wunused-but-set-variable]
     double cost;
            ^
Creating executable: out/gcc-debug//myTest20140210-10G
00:13:08 **** Incremental Build of configuration gcc-debug for project myTest20140210-10G ****
make MODE=debug CONFIGNAME=gcc-debug all 
OLT/DBA.cc
OLT/DBA.cc: In member function ‘void DBA::hungarian()’:
OLT/DBA.cc:1582:48: warning: comparison between signed and unsigned integer expressions [-Wsign-compare]
             for(int i = 0; i < costMatrix.size(); i++)
                                                ^
OLT/DBA.cc:1567:12: warning: variable ‘cost’ set but not used [-Wunused-but-set-variable]
     double cost;
            ^
Creating executable: out/gcc-debug//myTest20140210-10G
14:30:55 **** Incremental Build of configuration gcc-debug for project myTest20140210-10G ****
make MODE=debug CONFIGNAME=gcc-debug all 
15:09:11 **** Incremental Build of configuration gcc-debug for project myTest20140210-10G ****
make MODE=debug CONFIGNAME=gcc-debug all 
OLT/DBA.cc
OLT/DBA.cc: In member function ‘void DBA::hungarian()’:
OLT/DBA.cc:1582:48: warning: comparison between signed and unsigned integer expressions [-Wsign-compare]
             for(int i = 0; i < costMatrix.size(); i++)
                                                ^
OLT/DBA.cc:1567:12: warning: variable ‘cost’ set but not used [-Wunused-but-set-variable]
     double cost;
            ^
OLT/OLT_Scheduler.cc
OLT/ONUTableEntry.cc
OLT/ONUTable.cc
ONU/PowerControler.cc
ONU/PowerControler.cc: In member function ‘virtual void PowerControler::finish()’:
ONU/PowerControler.cc:172:43: warning: comparison between signed and unsigned integer expressions [-Wsign-compare]
     if (getParentModule()->getId() - 1 == onuSize)
                                           ^
ONU/Scheduler.cc
ONU/Classifier.cc
ONU/Classifier.cc: In member function ‘virtual void Classifier::finish()’:
ONU/Classifier.cc:168:43: warning: comparison between signed and unsigned integer expressions [-Wsign-compare]
     if (getParentModule()->getId() - 1 == onuSize)
                                           ^
ONU/Classifier.cc:187:43: warning: comparison between signed and unsigned integer expressions [-Wsign-compare]
     if (getParentModule()->getId() - 1 == onuSize)
                                           ^
ONU/Classifier.cc: In member function ‘void Classifier::recvGateProcess(MPCPGate*)’:
ONU/Classifier.cc:214:14: warning: unused variable ‘downQueueLength’ [-Wunused-variable]
     uint16_t downQueueLength = gt->getQueueLength(0) + gt->getQueueLength(1);
              ^
Splitter/PON_Splitter.cc
traffic_gen/LocalNetwork.cc
traffic_gen/CoreNetwork.cc
traffic_gen/TrafficGen.cc
Creating executable: out/gcc-debug//myTest20140210-10G
15:36:50 **** Incremental Build of configuration gcc-debug for project myTest20140210-10G ****
make MODE=debug CONFIGNAME=gcc-debug all 
OLT/DBA.cc
OLT/DBA.cc: In member function ‘void DBA::hungarian()’:
OLT/DBA.cc:1583:48: warning: comparison between signed and unsigned integer expressions [-Wsign-compare]
             for(int i = 0; i < costMatrix.size(); i++)
                                                ^
OLT/DBA.cc:1568:12: warning: variable ‘cost’ set but not used [-Wunused-but-set-variable]
     double cost;
            ^
Creating executable: out/gcc-debug//myTest20140210-10G
15:56:20 **** Incremental Build of configuration gcc-debug for project myTest20140210-10G ****
make MODE=debug CONFIGNAME=gcc-debug all 
OLT/DBA.cc
OLT/DBA.cc: In member function ‘void DBA::hungarian()’:
OLT/DBA.cc:1583:48: warning: comparison between signed and unsigned integer expressions [-Wsign-compare]
             for(int i = 0; i < costMatrix.size(); i++)
                                                ^
OLT/DBA.cc:1568:12: warning: variable ‘cost’ set but not used [-Wunused-but-set-variable]
     double cost;
            ^
Creating executable: out/gcc-debug//myTest20140210-10G
16:15:59 **** Incremental Build of configuration gcc-debug for project myTest20140210-10G ****
make MODE=debug CONFIGNAME=gcc-debug all 
OLT/DBA.cc
OLT/DBA.cc: In member function ‘void DBA::hungarian()’:
OLT/DBA.cc:1583:48: warning: comparison between signed and unsigned integer expressions [-Wsign-compare]
             for(int i = 0; i < costMatrix.size(); i++)
                                                ^
OLT/DBA.cc:1568:12: warning: variable ‘cost’ set but not used [-Wunused-but-set-variable]
     double cost;
            ^
Creating executable: out/gcc-debug//myTest20140210-10G
17:30:18 **** Incremental Build of configuration gcc-debug for project myTest20140210-10G ****
make MODE=debug CONFIGNAME=gcc-debug all 
OLT/DBA.cc
OLT/DBA.cc: In member function ‘void DBA::hungarian()’:
OLT/DBA.cc:1583:48: warning: comparison between signed and unsigned integer expressions [-Wsign-compare]
             for(int i = 0; i < costMatrix.size(); i++)
                                                ^
OLT/DBA.cc:1568:12: warning: variable ‘cost’ set but not used [-Wunused-but-set-variable]
     double cost;
            ^
OLT/OLT_Scheduler.cc
OLT/ONUTableEntry.cc
OLT/ONUTable.cc
ONU/PowerControler.cc
ONU/PowerControler.cc: In member function ‘virtual void PowerControler::finish()’:
ONU/PowerControler.cc:172:43: warning: comparison between signed and unsigned integer expressions [-Wsign-compare]
     if (getParentModule()->getId() - 1 == onuSize)
                                           ^
ONU/Scheduler.cc
ONU/Classifier.cc
ONU/Classifier.cc: In member function ‘virtual void Classifier::finish()’:
ONU/Classifier.cc:168:43: warning: comparison between signed and unsigned integer expressions [-Wsign-compare]
     if (getParentModule()->getId() - 1 == onuSize)
                                           ^
ONU/Classifier.cc:187:43: warning: comparison between signed and unsigned integer expressions [-Wsign-compare]
     if (getParentModule()->getId() - 1 == onuSize)
                                           ^
ONU/Classifier.cc: In member function ‘void Classifier::recvGateProcess(MPCPGate*)’:
ONU/Classifier.cc:214:14: warning: unused variable ‘downQueueLength’ [-Wunused-variable]
     uint16_t downQueueLength = gt->getQueueLength(0) + gt->getQueueLength(1);
              ^
Splitter/PON_Splitter.cc
traffic_gen/LocalNetwork.cc
traffic_gen/CoreNetwork.cc
traffic_gen/TrafficGen.cc
Creating executable: out/gcc-debug//myTest20140210-10G
19:20:12 **** Incremental Build of configuration gcc-debug for project myTest20140210-10G ****
make MODE=debug CONFIGNAME=gcc-debug all 
OLT/DBA.cc
OLT/DBA.cc: In member function ‘void DBA::hungarian()’:
OLT/DBA.cc:1583:48: warning: comparison between signed and unsigned integer expressions [-Wsign-compare]
             for(int i = 0; i < costMatrix.size(); i++)
                                                ^
OLT/DBA.cc:1568:12: warning: variable ‘cost’ set but not used [-Wunused-but-set-variable]
     double cost;
            ^
OLT/OLT_Scheduler.cc
OLT/ONUTableEntry.cc
OLT/ONUTable.cc
ONU/PowerControler.cc
ONU/PowerControler.cc: In member function ‘virtual void PowerControler::finish()’:
ONU/PowerControler.cc:172:43: warning: comparison between signed and unsigned integer expressions [-Wsign-compare]
     if (getParentModule()->getId() - 1 == onuSize)
                                           ^
ONU/Scheduler.cc
ONU/Classifier.cc
ONU/Classifier.cc: In member function ‘virtual void Classifier::finish()’:
ONU/Classifier.cc:168:43: warning: comparison between signed and unsigned integer expressions [-Wsign-compare]
     if (getParentModule()->getId() - 1 == onuSize)
                                           ^
ONU/Classifier.cc:187:43: warning: comparison between signed and unsigned integer expressions [-Wsign-compare]
     if (getParentModule()->getId() - 1 == onuSize)
                                           ^
ONU/Classifier.cc: In member function ‘void Classifier::recvGateProcess(MPCPGate*)’:
ONU/Classifier.cc:214:14: warning: unused variable ‘downQueueLength’ [-Wunused-variable]
     uint16_t downQueueLength = gt->getQueueLength(0) + gt->getQueueLength(1);
              ^
Splitter/PON_Splitter.cc
traffic_gen/LocalNetwork.cc
traffic_gen/CoreNetwork.cc
traffic_gen/TrafficGen.cc
Creating executable: out/gcc-debug//myTest20140210-10G
19:41:49 **** Incremental Build of configuration gcc-debug for project myTest20140210-10G ****
make MODE=debug CONFIGNAME=gcc-debug all 
OLT/DBA.cc
OLT/DBA.cc: In member function ‘void DBA::hungarian()’:
OLT/DBA.cc:1583:48: warning: comparison between signed and unsigned integer expressions [-Wsign-compare]
             for(int i = 0; i < costMatrix.size(); i++)
                                                ^
OLT/DBA.cc:1568:12: warning: variable ‘cost’ set but not used [-Wunused-but-set-variable]
     double cost;
            ^
Creating executable: out/gcc-debug//myTest20140210-10G
20:03:50 **** Incremental Build of configuration gcc-debug for project myTest20140210-10G ****
make MODE=debug CONFIGNAME=gcc-debug all 
OLT/DBA.cc
OLT/DBA.cc: In member function ‘void DBA::hungarian()’:
OLT/DBA.cc:1583:48: warning: comparison between signed and unsigned integer expressions [-Wsign-compare]
             for(int i = 0; i < costMatrix.size(); i++)
                                                ^
OLT/DBA.cc:1568:12: warning: variable ‘cost’ set but not used [-Wunused-but-set-variable]
     double cost;
            ^
Creating executable: out/gcc-debug//myTest20140210-10G
20:27:00 **** Incremental Build of configuration gcc-debug for project myTest20140210-10G ****
make MODE=debug CONFIGNAME=gcc-debug all 
OLT/DBA.cc
OLT/DBA.cc: In member function ‘void DBA::hungarian()’:
OLT/DBA.cc:1583:48: warning: comparison between signed and unsigned integer expressions [-Wsign-compare]
             for(int i = 0; i < costMatrix.size(); i++)
                                                ^
OLT/DBA.cc:1568:12: warning: variable ‘cost’ set but not used [-Wunused-but-set-variable]
     double cost;
            ^
OLT/OLT_Scheduler.cc
OLT/ONUTableEntry.cc
OLT/ONUTable.cc
ONU/PowerControler.cc
ONU/PowerControler.cc: In member function ‘virtual void PowerControler::finish()’:
ONU/PowerControler.cc:172:43: warning: comparison between signed and unsigned integer expressions [-Wsign-compare]
     if (getParentModule()->getId() - 1 == onuSize)
                                           ^
ONU/Scheduler.cc
ONU/Classifier.cc
ONU/Classifier.cc: In member function ‘virtual void Classifier::finish()’:
ONU/Classifier.cc:168:43: warning: comparison between signed and unsigned integer expressions [-Wsign-compare]
     if (getParentModule()->getId() - 1 == onuSize)
                                           ^
ONU/Classifier.cc:187:43: warning: comparison between signed and unsigned integer expressions [-Wsign-compare]
     if (getParentModule()->getId() - 1 == onuSize)
                                           ^
ONU/Classifier.cc: In member function ‘void Classifier::recvGateProcess(MPCPGate*)’:
ONU/Classifier.cc:214:14: warning: unused variable ‘downQueueLength’ [-Wunused-variable]
     uint16_t downQueueLength = gt->getQueueLength(0) + gt->getQueueLength(1);
              ^
Splitter/PON_Splitter.cc
traffic_gen/LocalNetwork.cc
traffic_gen/CoreNetwork.cc
traffic_gen/TrafficGen.cc
Creating executable: out/gcc-debug//myTest20140210-10G
20:28:14 **** Incremental Build of configuration gcc-debug for project myTest20140210-10G ****
make MODE=debug CONFIGNAME=gcc-debug all 
OLT/DBA.cc
OLT/DBA.cc: In member function ‘void DBA::hungarian()’:
OLT/DBA.cc:1583:48: warning: comparison between signed and unsigned integer expressions [-Wsign-compare]
             for(int i = 0; i < costMatrix.size(); i++)
                                                ^
OLT/DBA.cc:1568:12: warning: variable ‘cost’ set but not used [-Wunused-but-set-variable]
     double cost;
            ^
OLT/OLT_Scheduler.cc
OLT/ONUTableEntry.cc
OLT/ONUTable.cc
ONU/PowerControler.cc
ONU/PowerControler.cc: In member function ‘virtual void PowerControler::finish()’:
ONU/PowerControler.cc:172:43: warning: comparison between signed and unsigned integer expressions [-Wsign-compare]
     if (getParentModule()->getId() - 1 == onuSize)
                                           ^
ONU/Scheduler.cc
ONU/Classifier.cc
ONU/Classifier.cc: In member function ‘virtual void Classifier::finish()’:
ONU/Classifier.cc:168:43: warning: comparison between signed and unsigned integer expressions [-Wsign-compare]
     if (getParentModule()->getId() - 1 == onuSize)
                                           ^
ONU/Classifier.cc:187:43: warning: comparison between signed and unsigned integer expressions [-Wsign-compare]
     if (getParentModule()->getId() - 1 == onuSize)
                                           ^
ONU/Classifier.cc: In member function ‘void Classifier::recvGateProcess(MPCPGate*)’:
ONU/Classifier.cc:214:14: warning: unused variable ‘downQueueLength’ [-Wunused-variable]
     uint16_t downQueueLength = gt->getQueueLength(0) + gt->getQueueLength(1);
              ^
Splitter/PON_Splitter.cc
traffic_gen/LocalNetwork.cc
traffic_gen/CoreNetwork.cc
traffic_gen/TrafficGen.cc
Creating executable: out/gcc-debug//myTest20140210-10G
20:50:47 **** Incremental Build of configuration gcc-debug for project myTest20140210-10G ****
make MODE=debug CONFIGNAME=gcc-debug all 
OLT/DBA.cc
OLT/DBA.cc: In member function ‘void DBA::hungarian()’:
OLT/DBA.cc:1583:48: warning: comparison between signed and unsigned integer expressions [-Wsign-compare]
             for(int i = 0; i < costMatrix.size(); i++)
                                                ^
OLT/DBA.cc:1568:12: warning: variable ‘cost’ set but not used [-Wunused-but-set-variable]
     double cost;
            ^
Creating executable: out/gcc-debug//myTest20140210-10G
20:57:10 **** Incremental Build of configuration gcc-debug for project myTest20140210-10G ****
make MODE=debug CONFIGNAME=gcc-debug all 
OLT/DBA.cc
OLT/DBA.cc: In member function ‘void DBA::hungarian()’:
OLT/DBA.cc:1583:48: warning: comparison between signed and unsigned integer expressions [-Wsign-compare]
             for(int i = 0; i < costMatrix.size(); i++)
                                                ^
OLT/DBA.cc:1568:12: warning: variable ‘cost’ set but not used [-Wunused-but-set-variable]
     double cost;
            ^
Creating executable: out/gcc-debug//myTest20140210-10G
21:35:23 **** Incremental Build of configuration gcc-debug for project myTest20140210-10G ****
make MODE=debug CONFIGNAME=gcc-debug all 
OLT/DBA.cc
OLT/DBA.cc: In member function ‘void DBA::hungarian()’:
OLT/DBA.cc:1583:48: warning: comparison between signed and unsigned integer expressions [-Wsign-compare]
             for(int i = 0; i < costMatrix.size(); i++)
                                                ^
OLT/DBA.cc:1568:12: warning: variable ‘cost’ set but not used [-Wunused-but-set-variable]
     double cost;
            ^
Creating executable: out/gcc-debug//myTest20140210-10G
22:01:44 **** Incremental Build of configuration gcc-debug for project myTest20140210-10G ****
make MODE=debug CONFIGNAME=gcc-debug all 
OLT/DBA.cc
OLT/DBA.cc: In member function ‘void DBA::hungarian()’:
OLT/DBA.cc:1583:48: warning: comparison between signed and unsigned integer expressions [-Wsign-compare]
             for(int i = 0; i < costMatrix.size(); i++)
                                                ^
OLT/DBA.cc:1568:12: warning: variable ‘cost’ set but not used [-Wunused-but-set-variable]
     double cost;
            ^
Creating executable: out/gcc-debug//myTest20140210-10G
14:46:02 **** Incremental Build of configuration gcc-debug for project myTest20140210-10G ****
make MODE=debug CONFIGNAME=gcc-debug all 
OLT/DBA.cc
OLT/DBA.cc: In member function ‘void DBA::hungarian()’:
OLT/DBA.cc:1584:48: warning: comparison between signed and unsigned integer expressions [-Wsign-compare]
             for(int i = 0; i < costMatrix.size(); i++)
                                                ^
OLT/DBA.cc:1569:12: warning: variable ‘cost’ set but not used [-Wunused-but-set-variable]
     double cost;
            ^
Creating executable: out/gcc-debug//myTest20140210-10G
15:29:22 **** Incremental Build of configuration gcc-debug for project myTest20140210-10G ****
make MODE=debug CONFIGNAME=gcc-debug all 
OLT/DBA.cc
OLT/DBA.cc: In member function ‘void DBA::hungarian()’:
OLT/DBA.cc:1584:48: warning: comparison between signed and unsigned integer expressions [-Wsign-compare]
             for(int i = 0; i < costMatrix.size(); i++)
                                                ^
OLT/DBA.cc:1569:12: warning: variable ‘cost’ set but not used [-Wunused-but-set-variable]
     double cost;
            ^
OLT/OLT_Scheduler.cc
OLT/ONUTableEntry.cc
OLT/ONUTable.cc
ONU/PowerControler.cc
ONU/PowerControler.cc: In member function ‘virtual void PowerControler::finish()’:
ONU/PowerControler.cc:172:43: warning: comparison between signed and unsigned integer expressions [-Wsign-compare]
     if (getParentModule()->getId() - 1 == onuSize)
                                           ^
ONU/Scheduler.cc
ONU/Classifier.cc
ONU/Classifier.cc: In member function ‘virtual void Classifier::finish()’:
ONU/Classifier.cc:168:43: warning: comparison between signed and unsigned integer expressions [-Wsign-compare]
     if (getParentModule()->getId() - 1 == onuSize)
                                           ^
ONU/Classifier.cc:187:43: warning: comparison between signed and unsigned integer expressions [-Wsign-compare]
     if (getParentModule()->getId() - 1 == onuSize)
                                           ^
ONU/Classifier.cc: In member function ‘void Classifier::recvGateProcess(MPCPGate*)’:
ONU/Classifier.cc:214:14: warning: unused variable ‘downQueueLength’ [-Wunused-variable]
     uint16_t downQueueLength = gt->getQueueLength(0) + gt->getQueueLength(1);
              ^
Splitter/PON_Splitter.cc
traffic_gen/LocalNetwork.cc
traffic_gen/CoreNetwork.cc
traffic_gen/TrafficGen.cc
Creating executable: out/gcc-debug//myTest20140210-10G
15:42:39 **** Incremental Build of configuration gcc-debug for project myTest20140210-10G ****
make MODE=debug CONFIGNAME=gcc-debug all 
OLT/DBA.cc
OLT/DBA.cc: In member function ‘void DBA::hungarian()’:
OLT/DBA.cc:1584:48: warning: comparison between signed and unsigned integer expressions [-Wsign-compare]
             for(int i = 0; i < costMatrix.size(); i++)
                                                ^
OLT/DBA.cc:1569:12: warning: variable ‘cost’ set but not used [-Wunused-but-set-variable]
     double cost;
            ^
OLT/OLT_Scheduler.cc
OLT/ONUTableEntry.cc
OLT/ONUTable.cc
ONU/PowerControler.cc
ONU/PowerControler.cc: In member function ‘virtual void PowerControler::finish()’:
ONU/PowerControler.cc:172:43: warning: comparison between signed and unsigned integer expressions [-Wsign-compare]
     if (getParentModule()->getId() - 1 == onuSize)
                                           ^
ONU/Scheduler.cc
ONU/Classifier.cc
ONU/Classifier.cc: In member function ‘virtual void Classifier::finish()’:
ONU/Classifier.cc:168:43: warning: comparison between signed and unsigned integer expressions [-Wsign-compare]
     if (getParentModule()->getId() - 1 == onuSize)
                                           ^
ONU/Classifier.cc:187:43: warning: comparison between signed and unsigned integer expressions [-Wsign-compare]
     if (getParentModule()->getId() - 1 == onuSize)
                                           ^
ONU/Classifier.cc: In member function ‘void Classifier::recvGateProcess(MPCPGate*)’:
ONU/Classifier.cc:214:14: warning: unused variable ‘downQueueLength’ [-Wunused-variable]
     uint16_t downQueueLength = gt->getQueueLength(0) + gt->getQueueLength(1);
              ^
Splitter/PON_Splitter.cc
traffic_gen/LocalNetwork.cc
traffic_gen/CoreNetwork.cc
traffic_gen/TrafficGen.cc
Creating executable: out/gcc-debug//myTest20140210-10G
16:28:07 **** Incremental Build of configuration gcc-debug for project myTest20140210-10G ****
make MODE=debug CONFIGNAME=gcc-debug all 
OLT/DBA.cc
OLT/DBA.cc: In member function ‘void DBA::hungarian()’:
OLT/DBA.cc:1584:48: warning: comparison between signed and unsigned integer expressions [-Wsign-compare]
             for(int i = 0; i < costMatrix.size(); i++)
                                                ^
OLT/DBA.cc:1569:12: warning: variable ‘cost’ set but not used [-Wunused-but-set-variable]
     double cost;
            ^
OLT/OLT_Scheduler.cc
OLT/ONUTableEntry.cc
OLT/ONUTable.cc
ONU/PowerControler.cc
ONU/PowerControler.cc: In member function ‘virtual void PowerControler::finish()’:
ONU/PowerControler.cc:172:43: warning: comparison between signed and unsigned integer expressions [-Wsign-compare]
     if (getParentModule()->getId() - 1 == onuSize)
                                           ^
ONU/Scheduler.cc
ONU/Classifier.cc
ONU/Classifier.cc: In member function ‘virtual void Classifier::finish()’:
ONU/Classifier.cc:168:43: warning: comparison between signed and unsigned integer expressions [-Wsign-compare]
     if (getParentModule()->getId() - 1 == onuSize)
                                           ^
ONU/Classifier.cc:187:43: warning: comparison between signed and unsigned integer expressions [-Wsign-compare]
     if (getParentModule()->getId() - 1 == onuSize)
                                           ^
ONU/Classifier.cc: In member function ‘void Classifier::recvGateProcess(MPCPGate*)’:
ONU/Classifier.cc:214:14: warning: unused variable ‘downQueueLength’ [-Wunused-variable]
     uint16_t downQueueLength = gt->getQueueLength(0) + gt->getQueueLength(1);
              ^
Splitter/PON_Splitter.cc
traffic_gen/LocalNetwork.cc
traffic_gen/CoreNetwork.cc
traffic_gen/TrafficGen.cc
Creating executable: out/gcc-debug//myTest20140210-10G
19:29:06 **** Incremental Build of configuration gcc-debug for project myTest20140210-10G ****
make MODE=debug CONFIGNAME=gcc-debug all 
OLT/DBA.cc
OLT/DBA.cc: In member function ‘void DBA::hungarian()’:
OLT/DBA.cc:1584:48: warning: comparison between signed and unsigned integer expressions [-Wsign-compare]
             for(int i = 0; i < costMatrix.size(); i++)
                                                ^
OLT/DBA.cc:1569:12: warning: variable ‘cost’ set but not used [-Wunused-but-set-variable]
     double cost;
            ^
OLT/OLT_Scheduler.cc
OLT/ONUTableEntry.cc
OLT/ONUTable.cc
ONU/PowerControler.cc
ONU/PowerControler.cc: In member function ‘virtual void PowerControler::finish()’:
ONU/PowerControler.cc:172:43: warning: comparison between signed and unsigned integer expressions [-Wsign-compare]
     if (getParentModule()->getId() - 1 == onuSize)
                                           ^
ONU/Scheduler.cc
ONU/Classifier.cc
ONU/Classifier.cc: In member function ‘virtual void Classifier::finish()’:
ONU/Classifier.cc:168:43: warning: comparison between signed and unsigned integer expressions [-Wsign-compare]
     if (getParentModule()->getId() - 1 == onuSize)
                                           ^
ONU/Classifier.cc:187:43: warning: comparison between signed and unsigned integer expressions [-Wsign-compare]
     if (getParentModule()->getId() - 1 == onuSize)
                                           ^
ONU/Classifier.cc: In member function ‘void Classifier::recvGateProcess(MPCPGate*)’:
ONU/Classifier.cc:214:14: warning: unused variable ‘downQueueLength’ [-Wunused-variable]
     uint16_t downQueueLength = gt->getQueueLength(0) + gt->getQueueLength(1);
              ^
Splitter/PON_Splitter.cc
traffic_gen/LocalNetwork.cc
traffic_gen/CoreNetwork.cc
traffic_gen/TrafficGen.cc
Creating executable: out/gcc-debug//myTest20140210-10G
21:21:23 **** Incremental Build of configuration gcc-debug for project myTest20140210-10G ****
make MODE=debug CONFIGNAME=gcc-debug all 
OLT/DBA.cc
OLT/DBA.cc: In member function ‘void DBA::hungarian()’:
OLT/DBA.cc:1584:48: warning: comparison between signed and unsigned integer expressions [-Wsign-compare]
             for(int i = 0; i < costMatrix.size(); i++)
                                                ^
OLT/DBA.cc:1569:12: warning: variable ‘cost’ set but not used [-Wunused-but-set-variable]
     double cost;
            ^
Creating executable: out/gcc-debug//myTest20140210-10G
22:14:00 **** Incremental Build of configuration gcc-debug for project myTest20140210-10G ****
make MODE=debug CONFIGNAME=gcc-debug all 
OLT/DBA.cc
OLT/DBA.cc: In member function ‘void DBA::hungarian()’:
OLT/DBA.cc:1584:48: warning: comparison between signed and unsigned integer expressions [-Wsign-compare]
             for(int i = 0; i < costMatrix.size(); i++)
                                                ^
OLT/DBA.cc:1569:12: warning: variable ‘cost’ set but not used [-Wunused-but-set-variable]
     double cost;
            ^
OLT/OLT_Scheduler.cc
OLT/ONUTableEntry.cc
OLT/ONUTable.cc
ONU/PowerControler.cc
ONU/PowerControler.cc: In member function ‘virtual void PowerControler::finish()’:
ONU/PowerControler.cc:172:43: warning: comparison between signed and unsigned integer expressions [-Wsign-compare]
     if (getParentModule()->getId() - 1 == onuSize)
                                           ^
ONU/Scheduler.cc
ONU/Classifier.cc
ONU/Classifier.cc: In member function ‘virtual void Classifier::finish()’:
ONU/Classifier.cc:168:43: warning: comparison between signed and unsigned integer expressions [-Wsign-compare]
     if (getParentModule()->getId() - 1 == onuSize)
                                           ^
ONU/Classifier.cc:187:43: warning: comparison between signed and unsigned integer expressions [-Wsign-compare]
     if (getParentModule()->getId() - 1 == onuSize)
                                           ^
ONU/Classifier.cc: In member function ‘void Classifier::recvGateProcess(MPCPGate*)’:
ONU/Classifier.cc:214:14: warning: unused variable ‘downQueueLength’ [-Wunused-variable]
     uint16_t downQueueLength = gt->getQueueLength(0) + gt->getQueueLength(1);
              ^
Splitter/PON_Splitter.cc
traffic_gen/LocalNetwork.cc
traffic_gen/CoreNetwork.cc
traffic_gen/TrafficGen.cc
Creating executable: out/gcc-debug//myTest20140210-10G
01:19:11 **** Incremental Build of configuration gcc-debug for project myTest20140210-10G ****
make MODE=debug CONFIGNAME=gcc-debug all 
OLT/DBA.cc
OLT/DBA.cc: In member function ‘void DBA::hungarian()’:
OLT/DBA.cc:1584:48: warning: comparison between signed and unsigned integer expressions [-Wsign-compare]
             for(int i = 0; i < costMatrix.size(); i++)
                                                ^
OLT/DBA.cc:1569:12: warning: variable ‘cost’ set but not used [-Wunused-but-set-variable]
     double cost;
            ^
Creating executable: out/gcc-debug//myTest20140210-10G
14:34:09 **** Incremental Build of configuration gcc-debug for project myTest20140210-10G ****
make MODE=debug CONFIGNAME=gcc-debug all 
OLT/DBA.cc
OLT/DBA.cc: In member function ‘void DBA::hungarian()’:
OLT/DBA.cc:1584:48: warning: comparison between signed and unsigned integer expressions [-Wsign-compare]
             for(int i = 0; i < costMatrix.size(); i++)
                                                ^
OLT/DBA.cc:1569:12: warning: variable ‘cost’ set but not used [-Wunused-but-set-variable]
     double cost;
            ^
OLT/OLT_Scheduler.cc
OLT/ONUTableEntry.cc
OLT/ONUTable.cc
ONU/PowerControler.cc
ONU/PowerControler.cc: In member function ‘virtual void PowerControler::finish()’:
ONU/PowerControler.cc:172:43: warning: comparison between signed and unsigned integer expressions [-Wsign-compare]
     if (getParentModule()->getId() - 1 == onuSize)
                                           ^
ONU/Scheduler.cc
ONU/Classifier.cc
ONU/Classifier.cc: In member function ‘virtual void Classifier::finish()’:
ONU/Classifier.cc:168:43: warning: comparison between signed and unsigned integer expressions [-Wsign-compare]
     if (getParentModule()->getId() - 1 == onuSize)
                                           ^
ONU/Classifier.cc:187:43: warning: comparison between signed and unsigned integer expressions [-Wsign-compare]
     if (getParentModule()->getId() - 1 == onuSize)
                                           ^
ONU/Classifier.cc: In member function ‘void Classifier::recvGateProcess(MPCPGate*)’:
ONU/Classifier.cc:214:14: warning: unused variable ‘downQueueLength’ [-Wunused-variable]
     uint16_t downQueueLength = gt->getQueueLength(0) + gt->getQueueLength(1);
              ^
Splitter/PON_Splitter.cc
traffic_gen/LocalNetwork.cc
traffic_gen/CoreNetwork.cc
traffic_gen/TrafficGen.cc
Creating executable: out/gcc-debug//myTest20140210-10G
15:08:48 **** Incremental Build of configuration gcc-debug for project myTest20140210-10G ****
make MODE=debug CONFIGNAME=gcc-debug all 
OLT/DBA.cc
OLT/DBA.cc: In member function ‘void DBA::hungarian()’:
OLT/DBA.cc:1585:48: warning: comparison between signed and unsigned integer expressions [-Wsign-compare]
             for(int i = 0; i < costMatrix.size(); i++)
                                                ^
OLT/DBA.cc:1570:12: warning: variable ‘cost’ set but not used [-Wunused-but-set-variable]
     double cost;
            ^
Creating executable: out/gcc-debug//myTest20140210-10G
15:17:10 **** Incremental Build of configuration gcc-debug for project myTest20140210-10G ****
make MODE=debug CONFIGNAME=gcc-debug all 
OLT/DBA.cc
OLT/DBA.cc: In member function ‘void DBA::hungarian()’:
OLT/DBA.cc:1585:48: warning: comparison between signed and unsigned integer expressions [-Wsign-compare]
             for(int i = 0; i < costMatrix.size(); i++)
                                                ^
OLT/DBA.cc:1570:12: warning: variable ‘cost’ set but not used [-Wunused-but-set-variable]
     double cost;
            ^
Creating executable: out/gcc-debug//myTest20140210-10G
15:53:53 **** Incremental Build of configuration gcc-debug for project myTest20140210-10G ****
make MODE=debug CONFIGNAME=gcc-debug all 
OLT/DBA.cc
OLT/DBA.cc: In member function ‘void DBA::hungarian()’:
OLT/DBA.cc:1585:48: warning: comparison between signed and unsigned integer expressions [-Wsign-compare]
             for(int i = 0; i < costMatrix.size(); i++)
                                                ^
OLT/DBA.cc:1570:12: warning: variable ‘cost’ set but not used [-Wunused-but-set-variable]
     double cost;
            ^
OLT/OLT_Scheduler.cc
OLT/ONUTableEntry.cc
OLT/ONUTable.cc
ONU/PowerControler.cc
ONU/PowerControler.cc: In member function ‘virtual void PowerControler::finish()’:
ONU/PowerControler.cc:172:43: warning: comparison between signed and unsigned integer expressions [-Wsign-compare]
     if (getParentModule()->getId() - 1 == onuSize)
                                           ^
ONU/Scheduler.cc
ONU/Classifier.cc
ONU/Classifier.cc: In member function ‘virtual void Classifier::finish()’:
ONU/Classifier.cc:168:43: warning: comparison between signed and unsigned integer expressions [-Wsign-compare]
     if (getParentModule()->getId() - 1 == onuSize)
                                           ^
ONU/Classifier.cc:187:43: warning: comparison between signed and unsigned integer expressions [-Wsign-compare]
     if (getParentModule()->getId() - 1 == onuSize)
                                           ^
ONU/Classifier.cc: In member function ‘void Classifier::recvGateProcess(MPCPGate*)’:
ONU/Classifier.cc:214:14: warning: unused variable ‘downQueueLength’ [-Wunused-variable]
     uint16_t downQueueLength = gt->getQueueLength(0) + gt->getQueueLength(1);
              ^
Splitter/PON_Splitter.cc
traffic_gen/LocalNetwork.cc
traffic_gen/CoreNetwork.cc
traffic_gen/TrafficGen.cc
Creating executable: out/gcc-debug//myTest20140210-10G
16:36:25 **** Incremental Build of configuration gcc-debug for project myTest20140210-10G ****
make MODE=debug CONFIGNAME=gcc-debug all 
OLT/DBA.cc
OLT/DBA.cc: In member function ‘void DBA::hungarian()’:
OLT/DBA.cc:1585:48: warning: comparison between signed and unsigned integer expressions [-Wsign-compare]
             for(int i = 0; i < costMatrix.size(); i++)
                                                ^
OLT/DBA.cc:1570:12: warning: variable ‘cost’ set but not used [-Wunused-but-set-variable]
     double cost;
            ^
OLT/OLT_Scheduler.cc
OLT/ONUTableEntry.cc
OLT/ONUTable.cc
ONU/PowerControler.cc
ONU/PowerControler.cc: In member function ‘virtual void PowerControler::finish()’:
ONU/PowerControler.cc:172:43: warning: comparison between signed and unsigned integer expressions [-Wsign-compare]
     if (getParentModule()->getId() - 1 == onuSize)
                                           ^
ONU/Scheduler.cc
ONU/Classifier.cc
ONU/Classifier.cc: In member function ‘virtual void Classifier::finish()’:
ONU/Classifier.cc:168:43: warning: comparison between signed and unsigned integer expressions [-Wsign-compare]
     if (getParentModule()->getId() - 1 == onuSize)
                                           ^
ONU/Classifier.cc:187:43: warning: comparison between signed and unsigned integer expressions [-Wsign-compare]
     if (getParentModule()->getId() - 1 == onuSize)
                                           ^
ONU/Classifier.cc: In member function ‘void Classifier::recvGateProcess(MPCPGate*)’:
ONU/Classifier.cc:214:14: warning: unused variable ‘downQueueLength’ [-Wunused-variable]
     uint16_t downQueueLength = gt->getQueueLength(0) + gt->getQueueLength(1);
              ^
Splitter/PON_Splitter.cc
traffic_gen/LocalNetwork.cc
traffic_gen/CoreNetwork.cc
traffic_gen/TrafficGen.cc
Creating executable: out/gcc-debug//myTest20140210-10G
16:37:08 **** Incremental Build of configuration gcc-debug for project myTest20140210-10G ****
make MODE=debug CONFIGNAME=gcc-debug all 
OLT/DBA.cc
OLT/DBA.cc: In member function ‘void DBA::hungarian()’:
OLT/DBA.cc:1585:48: warning: comparison between signed and unsigned integer expressions [-Wsign-compare]
             for(int i = 0; i < costMatrix.size(); i++)
                                                ^
OLT/DBA.cc:1570:12: warning: variable ‘cost’ set but not used [-Wunused-but-set-variable]
     double cost;
            ^
Creating executable: out/gcc-debug//myTest20140210-10G
14:18:27 **** Incremental Build of configuration gcc-debug for project myTest20140210-10G ****
make MODE=debug CONFIGNAME=gcc-debug all 
OLT/DBA.cc
OLT/DBA.cc: In member function ‘void DBA::hungarian()’:
OLT/DBA.cc:1586:48: warning: comparison between signed and unsigned integer expressions [-Wsign-compare]
             for(int i = 0; i < costMatrix.size(); i++)
                                                ^
OLT/DBA.cc:1571:12: warning: variable ‘cost’ set but not used [-Wunused-but-set-variable]
     double cost;
            ^
OLT/OLT_Scheduler.cc
OLT/ONUTableEntry.cc
OLT/ONUTable.cc
ONU/PowerControler.cc
ONU/PowerControler.cc: In member function ‘virtual void PowerControler::finish()’:
ONU/PowerControler.cc:172:43: warning: comparison between signed and unsigned integer expressions [-Wsign-compare]
     if (getParentModule()->getId() - 1 == onuSize)
                                           ^
ONU/Scheduler.cc
ONU/Classifier.cc
ONU/Classifier.cc: In member function ‘virtual void Classifier::finish()’:
ONU/Classifier.cc:168:43: warning: comparison between signed and unsigned integer expressions [-Wsign-compare]
     if (getParentModule()->getId() - 1 == onuSize)
                                           ^
ONU/Classifier.cc:187:43: warning: comparison between signed and unsigned integer expressions [-Wsign-compare]
     if (getParentModule()->getId() - 1 == onuSize)
                                           ^
ONU/Classifier.cc: In member function ‘void Classifier::recvGateProcess(MPCPGate*)’:
ONU/Classifier.cc:214:14: warning: unused variable ‘downQueueLength’ [-Wunused-variable]
     uint16_t downQueueLength = gt->getQueueLength(0) + gt->getQueueLength(1);
              ^
Splitter/PON_Splitter.cc
traffic_gen/LocalNetwork.cc
traffic_gen/CoreNetwork.cc
traffic_gen/TrafficGen.cc
Creating executable: out/gcc-debug//myTest20140210-10G
14:20:26 **** Incremental Build of configuration gcc-debug for project myTest20140210-10G ****
make MODE=debug CONFIGNAME=gcc-debug all 
OLT/DBA.cc
OLT/DBA.cc: In member function ‘void DBA::hungarian()’:
OLT/DBA.cc:1586:48: warning: comparison between signed and unsigned integer expressions [-Wsign-compare]
             for(int i = 0; i < costMatrix.size(); i++)
                                                ^
OLT/DBA.cc:1571:12: warning: variable ‘cost’ set but not used [-Wunused-but-set-variable]
     double cost;
            ^
Creating executable: out/gcc-debug//myTest20140210-10G
14:25:28 **** Incremental Build of configuration gcc-debug for project myTest20140210-10G ****
make MODE=debug CONFIGNAME=gcc-debug all 
14:31:41 **** Incremental Build of configuration gcc-debug for project myTest20140210-10G ****
make MODE=debug CONFIGNAME=gcc-debug all 
OLT/DBA.cc
OLT/DBA.cc: In member function ‘void DBA::hungarian()’:
OLT/DBA.cc:1586:48: warning: comparison between signed and unsigned integer expressions [-Wsign-compare]
             for(int i = 0; i < costMatrix.size(); i++)
                                                ^
OLT/DBA.cc:1571:12: warning: variable ‘cost’ set but not used [-Wunused-but-set-variable]
     double cost;
            ^
OLT/OLT_Scheduler.cc
OLT/ONUTableEntry.cc
OLT/ONUTable.cc
ONU/PowerControler.cc
ONU/PowerControler.cc: In member function ‘virtual void PowerControler::finish()’:
ONU/PowerControler.cc:172:43: warning: comparison between signed and unsigned integer expressions [-Wsign-compare]
     if (getParentModule()->getId() - 1 == onuSize)
                                           ^
ONU/Scheduler.cc
ONU/Classifier.cc
ONU/Classifier.cc: In member function ‘virtual void Classifier::finish()’:
ONU/Classifier.cc:168:43: warning: comparison between signed and unsigned integer expressions [-Wsign-compare]
     if (getParentModule()->getId() - 1 == onuSize)
                                           ^
ONU/Classifier.cc:187:43: warning: comparison between signed and unsigned integer expressions [-Wsign-compare]
     if (getParentModule()->getId() - 1 == onuSize)
                                           ^
ONU/Classifier.cc: In member function ‘void Classifier::recvGateProcess(MPCPGate*)’:
ONU/Classifier.cc:214:14: warning: unused variable ‘downQueueLength’ [-Wunused-variable]
     uint16_t downQueueLength = gt->getQueueLength(0) + gt->getQueueLength(1);
              ^
Splitter/PON_Splitter.cc
traffic_gen/LocalNetwork.cc
traffic_gen/CoreNetwork.cc
traffic_gen/TrafficGen.cc
Creating executable: out/gcc-debug//myTest20140210-10G
14:36:46 **** Incremental Build of configuration gcc-debug for project myTest20140210-10G ****
make MODE=debug CONFIGNAME=gcc-debug all 
15:45:59 **** Incremental Build of configuration gcc-debug for project myTest20140210-10G ****
make MODE=debug CONFIGNAME=gcc-debug all 
16:13:59 **** Incremental Build of configuration gcc-debug for project myTest20140210-10G ****
make MODE=debug CONFIGNAME=gcc-debug all 
OLT/DBA.cc
OLT/DBA.cc: In member function ‘void DBA::hungarian()’:
OLT/DBA.cc:1586:48: warning: comparison between signed and unsigned integer expressions [-Wsign-compare]
             for(int i = 0; i < costMatrix.size(); i++)
                                                ^
OLT/DBA.cc:1571:12: warning: variable ‘cost’ set but not used [-Wunused-but-set-variable]
     double cost;
            ^
Creating executable: out/gcc-debug//myTest20140210-10G
16:38:23 **** Incremental Build of configuration gcc-debug for project myTest20140210-10G ****
make MODE=debug CONFIGNAME=gcc-debug all 
OLT/DBA.cc
OLT/DBA.cc: In member function ‘void DBA::hungarian()’:
OLT/DBA.cc:1587:48: warning: comparison between signed and unsigned integer expressions [-Wsign-compare]
             for(int i = 0; i < costMatrix.size(); i++)
                                                ^
OLT/DBA.cc:1572:12: warning: variable ‘cost’ set but not used [-Wunused-but-set-variable]
     double cost;
            ^
Creating executable: out/gcc-debug//myTest20140210-10G
17:03:34 **** Incremental Build of configuration gcc-debug for project myTest20140210-10G ****
make MODE=debug CONFIGNAME=gcc-debug all 
OLT/DBA.cc
OLT/DBA.cc: In member function ‘void DBA::hungarian()’:
OLT/DBA.cc:1587:48: warning: comparison between signed and unsigned integer expressions [-Wsign-compare]
             for(int i = 0; i < costMatrix.size(); i++)
                                                ^
OLT/DBA.cc:1572:12: warning: variable ‘cost’ set but not used [-Wunused-but-set-variable]
     double cost;
            ^
Creating executable: out/gcc-debug//myTest20140210-10G
17:18:11 **** Incremental Build of configuration gcc-debug for project myTest20140210-10G ****
make MODE=debug CONFIGNAME=gcc-debug all 
OLT/DBA.cc
OLT/DBA.cc: In member function ‘void DBA::hungarian()’:
OLT/DBA.cc:1587:48: warning: comparison between signed and unsigned integer expressions [-Wsign-compare]
             for(int i = 0; i < costMatrix.size(); i++)
                                                ^
OLT/DBA.cc:1572:12: warning: variable ‘cost’ set but not used [-Wunused-but-set-variable]
     double cost;
            ^
Creating executable: out/gcc-debug//myTest20140210-10G
17:34:03 **** Incremental Build of configuration gcc-debug for project myTest20140210-10G ****
make MODE=debug CONFIGNAME=gcc-debug all 
OLT/DBA.cc
OLT/DBA.cc: In member function ‘void DBA::hungarian()’:
OLT/DBA.cc:1587:48: warning: comparison between signed and unsigned integer expressions [-Wsign-compare]
             for(int i = 0; i < costMatrix.size(); i++)
                                                ^
OLT/DBA.cc:1572:12: warning: variable ‘cost’ set but not used [-Wunused-but-set-variable]
     double cost;
            ^
Creating executable: out/gcc-debug//myTest20140210-10G
19:37:39 **** Incremental Build of configuration gcc-debug for project myTest20140210-10G ****
make MODE=debug CONFIGNAME=gcc-debug all 
20:37:11 **** Incremental Build of configuration gcc-debug for project myTest20140210-10G ****
make MODE=debug CONFIGNAME=gcc-debug all 
OLT/DBA.cc
OLT/DBA.cc: In member function ‘void DBA::hungarian()’:
OLT/DBA.cc:1587:48: warning: comparison between signed and unsigned integer expressions [-Wsign-compare]
             for(int i = 0; i < costMatrix.size(); i++)
                                                ^
OLT/DBA.cc:1572:12: warning: variable ‘cost’ set but not used [-Wunused-but-set-variable]
     double cost;
            ^
Creating executable: out/gcc-debug//myTest20140210-10G
15:10:41 **** Incremental Build of configuration gcc-debug for project myTest20140210-10G ****
make MODE=debug CONFIGNAME=gcc-debug all 
OLT/DBA.cc
OLT/DBA.cc: In member function ‘void DBA::hungarian()’:
OLT/DBA.cc:1588:48: warning: comparison between signed and unsigned integer expressions [-Wsign-compare]
             for(int i = 0; i < costMatrix.size(); i++)
                                                ^
OLT/DBA.cc:1573:12: warning: variable ‘cost’ set but not used [-Wunused-but-set-variable]
     double cost;
            ^
Creating executable: out/gcc-debug//myTest20140210-10G
16:42:23 **** Incremental Build of configuration gcc-debug for project myTest20140210-10G ****
make MODE=debug CONFIGNAME=gcc-debug all 
10:31:27 **** Incremental Build of configuration gcc-debug for project myTest20140210-10G ****
make MODE=debug CONFIGNAME=gcc-debug all 
OLT/DBA.cc
OLT/DBA.cc: In member function ‘void DBA::hungarian()’:
OLT/DBA.cc:1591:48: warning: comparison between signed and unsigned integer expressions [-Wsign-compare]
             for(int i = 0; i < costMatrix.size(); i++)
                                                ^
OLT/DBA.cc:1576:12: warning: variable ‘cost’ set but not used [-Wunused-but-set-variable]
     double cost;
            ^
Creating executable: out/gcc-debug//myTest20140210-10G
16:44:36 **** Incremental Build of configuration gcc-debug for project myTest20140210-10G ****
make MODE=debug CONFIGNAME=gcc-debug all 
OLT/DBA.cc
OLT/DBA.cc: In member function ‘void DBA::hungarian()’:
OLT/DBA.cc:1591:48: warning: comparison between signed and unsigned integer expressions [-Wsign-compare]
             for(int i = 0; i < costMatrix.size(); i++)
                                                ^
OLT/DBA.cc:1576:12: warning: variable ‘cost’ set but not used [-Wunused-but-set-variable]
     double cost;
            ^
OLT/OLT_Scheduler.cc
OLT/ONUTableEntry.cc
OLT/ONUTable.cc
ONU/PowerControler.cc
ONU/PowerControler.cc: In member function ‘virtual void PowerControler::finish()’:
ONU/PowerControler.cc:172:43: warning: comparison between signed and unsigned integer expressions [-Wsign-compare]
     if (getParentModule()->getId() - 1 == onuSize)
                                           ^
ONU/Scheduler.cc
ONU/Classifier.cc
ONU/Classifier.cc: In member function ‘virtual void Classifier::finish()’:
ONU/Classifier.cc:168:43: warning: comparison between signed and unsigned integer expressions [-Wsign-compare]
     if (getParentModule()->getId() - 1 == onuSize)
                                           ^
ONU/Classifier.cc:187:43: warning: comparison between signed and unsigned integer expressions [-Wsign-compare]
     if (getParentModule()->getId() - 1 == onuSize)
                                           ^
ONU/Classifier.cc: In member function ‘void Classifier::recvGateProcess(MPCPGate*)’:
ONU/Classifier.cc:214:14: warning: unused variable ‘downQueueLength’ [-Wunused-variable]
     uint16_t downQueueLength = gt->getQueueLength(0) + gt->getQueueLength(1);
              ^
Splitter/PON_Splitter.cc
traffic_gen/LocalNetwork.cc
traffic_gen/CoreNetwork.cc
traffic_gen/TrafficGen.cc
Creating executable: out/gcc-debug//myTest20140210-10G
15:28:10 **** Incremental Build of configuration gcc-debug for project myTest20140210-10G ****
make MODE=debug CONFIGNAME=gcc-debug all 
OLT/DBA.cc
OLT/DBA.cc: In member function ‘void DBA::hungarian()’:
OLT/DBA.cc:1592:48: warning: comparison between signed and unsigned integer expressions [-Wsign-compare]
             for(int i = 0; i < costMatrix.size(); i++)
                                                ^
OLT/DBA.cc:1577:12: warning: variable ‘cost’ set but not used [-Wunused-but-set-variable]
     double cost;
            ^
Creating executable: out/gcc-debug//myTest20140210-10G
00:34:19 **** Incremental Build of configuration gcc-debug for project myTest20140210-10G ****
make MODE=debug CONFIGNAME=gcc-debug all 
OLT/DBA.cc
OLT/DBA.cc: In member function ‘void DBA::hungarian()’:
OLT/DBA.cc:1592:48: warning: comparison between signed and unsigned integer expressions [-Wsign-compare]
             for(int i = 0; i < costMatrix.size(); i++)
                                                ^
OLT/DBA.cc:1577:12: warning: variable ‘cost’ set but not used [-Wunused-but-set-variable]
     double cost;
            ^
Creating executable: out/gcc-debug//myTest20140210-10G
17:29:04 **** Incremental Build of configuration gcc-debug for project myTest20140210-10G ****
make MODE=debug CONFIGNAME=gcc-debug all 
OLT/DBA.cc
OLT/DBA.cc: In member function ‘void DBA::hungarian()’:
OLT/DBA.cc:1596:48: warning: comparison between signed and unsigned integer expressions [-Wsign-compare]
             for(int i = 0; i < costMatrix.size(); i++)
                                                ^
OLT/DBA.cc:1581:12: warning: variable ‘cost’ set but not used [-Wunused-but-set-variable]
     double cost;
            ^
Creating executable: out/gcc-debug//myTest20140210-10G
18:31:27 **** Incremental Build of configuration gcc-debug for project myTest20140210-10G ****
make MODE=debug CONFIGNAME=gcc-debug all 
19:07:08 **** Incremental Build of configuration gcc-debug for project myTest20140210-10G ****
make MODE=debug CONFIGNAME=gcc-debug all 
19:38:56 **** Incremental Build of configuration gcc-debug for project myTest20140210-10G ****
make MODE=debug CONFIGNAME=gcc-debug all 
22:36:32 **** Incremental Build of configuration gcc-debug for project myTest20140210-10G ****
make MODE=debug CONFIGNAME=gcc-debug all 
00:10:50 **** Incremental Build of configuration gcc-debug for project myTest20140210-10G ****
make MODE=debug CONFIGNAME=gcc-debug all 
00:48:05 **** Incremental Build of configuration gcc-debug for project myTest20140210-10G ****
make MODE=debug CONFIGNAME=gcc-debug all 
01:49:52 **** Incremental Build of configuration gcc-debug for project myTest20140210-10G ****
make MODE=debug CONFIGNAME=gcc-debug all 
OLT/OLT_Scheduler.cc
Creating executable: out/gcc-debug//myTest20140210-10G
15:08:47 **** Incremental Build of configuration gcc-debug for project myTest20140210-10G ****
make MODE=debug CONFIGNAME=gcc-debug all 
OLT/DBA.cc
OLT/DBA.cc: In member function ‘void DBA::hungarian()’:
OLT/DBA.cc:1596:48: warning: comparison between signed and unsigned integer expressions [-Wsign-compare]
             for(int i = 0; i < costMatrix.size(); i++)
                                                ^
OLT/DBA.cc:1581:12: warning: variable ‘cost’ set but not used [-Wunused-but-set-variable]
     double cost;
            ^
Creating executable: out/gcc-debug//myTest20140210-10G
21:40:46 **** Incremental Build of configuration gcc-debug for project myTest20140210-10G ****
make MODE=debug CONFIGNAME=gcc-debug all 
OLT/DBA.cc
OLT/DBA.cc: In member function ‘void DBA::hungarian()’:
OLT/DBA.cc:1597:48: warning: comparison between signed and unsigned integer expressions [-Wsign-compare]
             for(int i = 0; i < costMatrix.size(); i++)
                                                ^
OLT/DBA.cc:1582:12: warning: variable ‘cost’ set but not used [-Wunused-but-set-variable]
     double cost;
            ^
ONU/Classifier.cc
ONU/Classifier.cc: In member function ‘virtual void Classifier::finish()’:
ONU/Classifier.cc:168:43: warning: comparison between signed and unsigned integer expressions [-Wsign-compare]
     if (getParentModule()->getId() - 1 == onuSize)
                                           ^
ONU/Classifier.cc:187:43: warning: comparison between signed and unsigned integer expressions [-Wsign-compare]
     if (getParentModule()->getId() - 1 == onuSize)
                                           ^
ONU/Classifier.cc: In member function ‘void Classifier::recvGateProcess(MPCPGate*)’:
ONU/Classifier.cc:214:14: warning: unused variable ‘downQueueLength’ [-Wunused-variable]
     uint16_t downQueueLength = gt->getQueueLength(0) + gt->getQueueLength(1);
              ^
Creating executable: out/gcc-debug//myTest20140210-10G
21:45:51 **** Incremental Build of configuration gcc-debug for project myTest20140210-10G ****
make MODE=debug CONFIGNAME=gcc-debug all 
OLT/DBA.cc
OLT/DBA.cc: In member function ‘void DBA::hungarian()’:
OLT/DBA.cc:1598:48: warning: comparison between signed and unsigned integer expressions [-Wsign-compare]
             for(int i = 0; i < costMatrix.size(); i++)
                                                ^
OLT/DBA.cc:1583:12: warning: variable ‘cost’ set but not used [-Wunused-but-set-variable]
     double cost;
            ^
Creating executable: out/gcc-debug//myTest20140210-10G
21:46:21 **** Incremental Build of configuration gcc-debug for project myTest20140210-10G ****
make MODE=debug CONFIGNAME=gcc-debug all 
OLT/DBA.cc
OLT/DBA.cc: In member function ‘void DBA::hungarian()’:
OLT/DBA.cc:1598:48: warning: comparison between signed and unsigned integer expressions [-Wsign-compare]
             for(int i = 0; i < costMatrix.size(); i++)
                                                ^
OLT/DBA.cc:1583:12: warning: variable ‘cost’ set but not used [-Wunused-but-set-variable]
     double cost;
            ^
Creating executable: out/gcc-debug//myTest20140210-10G
21:51:57 **** Incremental Build of configuration gcc-debug for project myTest20140210-10G ****
make MODE=debug CONFIGNAME=gcc-debug all 
OLT/DBA.cc
OLT/DBA.cc: In member function ‘void DBA::hungarian()’:
OLT/DBA.cc:1598:48: warning: comparison between signed and unsigned integer expressions [-Wsign-compare]
             for(int i = 0; i < costMatrix.size(); i++)
                                                ^
OLT/DBA.cc:1583:12: warning: variable ‘cost’ set but not used [-Wunused-but-set-variable]
     double cost;
            ^
Creating executable: out/gcc-debug//myTest20140210-10G
00:09:34 **** Incremental Build of configuration gcc-debug for project myTest20140210-10G ****
make MODE=debug CONFIGNAME=gcc-debug all 
OLT/DBA.cc
OLT/DBA.cc: In member function ‘void DBA::hungarian()’:
OLT/DBA.cc:1601:48: warning: comparison between signed and unsigned integer expressions [-Wsign-compare]
             for(int i = 0; i < costMatrix.size(); i++)
                                                ^
OLT/DBA.cc:1586:12: warning: variable ‘cost’ set but not used [-Wunused-but-set-variable]
     double cost;
            ^
ONU/Classifier.cc
ONU/Classifier.cc: In member function ‘virtual void Classifier::finish()’:
ONU/Classifier.cc:168:43: warning: comparison between signed and unsigned integer expressions [-Wsign-compare]
     if (getParentModule()->getId() - 1 == onuSize)
                                           ^
ONU/Classifier.cc:187:43: warning: comparison between signed and unsigned integer expressions [-Wsign-compare]
     if (getParentModule()->getId() - 1 == onuSize)
                                           ^
ONU/Classifier.cc: In member function ‘void Classifier::recvGateProcess(MPCPGate*)’:
ONU/Classifier.cc:214:14: warning: unused variable ‘downQueueLength’ [-Wunused-variable]
     uint16_t downQueueLength = gt->getQueueLength(0) + gt->getQueueLength(1);
              ^
Creating executable: out/gcc-debug//myTest20140210-10G
00:13:30 **** Incremental Build of configuration gcc-debug for project myTest20140210-10G ****
make MODE=debug CONFIGNAME=gcc-debug all 
OLT/DBA.cc
OLT/DBA.cc: In member function ‘void DBA::hungarian()’:
OLT/DBA.cc:1601:48: warning: comparison between signed and unsigned integer expressions [-Wsign-compare]
             for(int i = 0; i < costMatrix.size(); i++)
                                                ^
OLT/DBA.cc:1586:12: warning: variable ‘cost’ set but not used [-Wunused-but-set-variable]
     double cost;
            ^
ONU/Classifier.cc
ONU/Classifier.cc: In member function ‘virtual void Classifier::finish()’:
ONU/Classifier.cc:168:43: warning: comparison between signed and unsigned integer expressions [-Wsign-compare]
     if (getParentModule()->getId() - 1 == onuSize)
                                           ^
ONU/Classifier.cc:187:43: warning: comparison between signed and unsigned integer expressions [-Wsign-compare]
     if (getParentModule()->getId() - 1 == onuSize)
                                           ^
ONU/Classifier.cc: In member function ‘void Classifier::recvGateProcess(MPCPGate*)’:
ONU/Classifier.cc:214:14: warning: unused variable ‘downQueueLength’ [-Wunused-variable]
     uint16_t downQueueLength = gt->getQueueLength(0) + gt->getQueueLength(1);
              ^
Creating executable: out/gcc-debug//myTest20140210-10G
00:23:59 **** Incremental Build of configuration gcc-debug for project myTest20140210-10G ****
make MODE=debug CONFIGNAME=gcc-debug all 
ONU/Classifier.cc
ONU/Classifier.cc: In member function ‘virtual void Classifier::finish()’:
ONU/Classifier.cc:168:43: warning: comparison between signed and unsigned integer expressions [-Wsign-compare]
     if (getParentModule()->getId() - 1 == onuSize)
                                           ^
ONU/Classifier.cc:187:43: warning: comparison between signed and unsigned integer expressions [-Wsign-compare]
     if (getParentModule()->getId() - 1 == onuSize)
                                           ^
ONU/Classifier.cc: In member function ‘void Classifier::recvGateProcess(MPCPGate*)’:
ONU/Classifier.cc:214:14: warning: unused variable ‘downQueueLength’ [-Wunused-variable]
     uint16_t downQueueLength = gt->getQueueLength(0) + gt->getQueueLength(1);
              ^
Creating executable: out/gcc-debug//myTest20140210-10G
13:05:41 **** Incremental Build of configuration gcc-debug for project myTest20140210-10G ****
make MODE=debug CONFIGNAME=gcc-debug all 
OLT/DBA.cc
OLT/DBA.cc: In member function ‘void DBA::hungarian()’:
OLT/DBA.cc:1602:48: warning: comparison between signed and unsigned integer expressions [-Wsign-compare]
             for(int i = 0; i < costMatrix.size(); i++)
                                                ^
OLT/DBA.cc:1587:12: warning: variable ‘cost’ set but not used [-Wunused-but-set-variable]
     double cost;
            ^
Creating executable: out/gcc-debug//myTest20140210-10G
13:06:23 **** Incremental Build of configuration gcc-debug for project myTest20140210-10G ****
make MODE=debug CONFIGNAME=gcc-debug all 
14:27:22 **** Incremental Build of configuration gcc-debug for project myTest20140210-10G ****
make MODE=debug CONFIGNAME=gcc-debug all 
15:11:03 **** Incremental Build of configuration gcc-debug for project myTest20140210-10G ****
make MODE=debug CONFIGNAME=gcc-debug all 
OLT/DBA.cc
OLT/DBA.cc: In member function ‘void DBA::hungarian()’:
OLT/DBA.cc:1603:48: warning: comparison between signed and unsigned integer expressions [-Wsign-compare]
             for(int i = 0; i < costMatrix.size(); i++)
                                                ^
OLT/DBA.cc:1588:12: warning: variable ‘cost’ set but not used [-Wunused-but-set-variable]
     double cost;
            ^
Creating executable: out/gcc-debug//myTest20140210-10G
15:13:46 **** Incremental Build of configuration gcc-debug for project myTest20140210-10G ****
make MODE=debug CONFIGNAME=gcc-debug all 
OLT/DBA.cc
OLT/DBA.cc: In member function ‘void DBA::hungarian()’:
OLT/DBA.cc:1604:48: warning: comparison between signed and unsigned integer expressions [-Wsign-compare]
             for(int i = 0; i < costMatrix.size(); i++)
                                                ^
OLT/DBA.cc:1589:12: warning: variable ‘cost’ set but not used [-Wunused-but-set-variable]
     double cost;
            ^
Creating executable: out/gcc-debug//myTest20140210-10G
16:26:56 **** Incremental Build of configuration gcc-debug for project myTest20140210-10G ****
make MODE=debug CONFIGNAME=gcc-debug all 
OLT/DBA.cc
OLT/DBA.cc: In member function ‘void DBA::hungarian()’:
OLT/DBA.cc:1604:48: warning: comparison between signed and unsigned integer expressions [-Wsign-compare]
             for(int i = 0; i < costMatrix.size(); i++)
                                                ^
OLT/DBA.cc:1589:12: warning: variable ‘cost’ set but not used [-Wunused-but-set-variable]
     double cost;
            ^
Creating executable: out/gcc-debug//myTest20140210-10G
16:29:08 **** Incremental Build of configuration gcc-debug for project myTest20140210-10G ****
make MODE=debug CONFIGNAME=gcc-debug all 
12:34:06 **** Incremental Build of configuration gcc-debug for project myTest20140210-10G ****
make MODE=debug CONFIGNAME=gcc-debug all 
21:16:40 **** Incremental Build of configuration gcc-debug for project myTest20140210-10G ****
make MODE=debug CONFIGNAME=gcc-debug all 
14:36:04 **** Incremental Build of configuration gcc-debug for project myTest20140210-10G ****
make MODE=debug CONFIGNAME=gcc-debug all 
17:35:29 **** Incremental Build of configuration gcc-debug for project myTest20140210-10G ****
make MODE=debug CONFIGNAME=gcc-debug all 
OLT/DBA.cc
OLT/DBA.cc: In member function ‘void DBA::hungarian()’:
OLT/DBA.cc:1621:48: warning: comparison between signed and unsigned integer expressions [-Wsign-compare]
             for(int i = 0; i < costMatrix.size(); i++)
                                                ^
OLT/DBA.cc:1606:12: warning: variable ‘cost’ set but not used [-Wunused-but-set-variable]
     double cost;
            ^
OLT/OLT_Scheduler.cc
ONU/Scheduler.cc
Creating executable: out/gcc-debug//myTest20140210-10G
23:35:47 **** Incremental Build of configuration gcc-debug for project myTest20140210-10G ****
make MODE=debug CONFIGNAME=gcc-debug all 
15:33:49 **** Incremental Build of configuration gcc-debug for project myTest20140210-10G ****
make MODE=debug CONFIGNAME=gcc-debug all 
03:54:44 **** Incremental Build of configuration gcc-debug for project myTest20140210-10G ****
make MODE=debug CONFIGNAME=gcc-debug all 
01:00:24 **** Incremental Build of configuration gcc-debug for project myTest20140210-10G ****
make MODE=debug CONFIGNAME=gcc-debug all 
16:33:49 **** Incremental Build of configuration gcc-debug for project myTest20140210-10G ****
make MODE=debug CONFIGNAME=gcc-debug all 
OLT/DBA.cc
OLT/DBA.cc: In member function ‘void DBA::hungarian()’:
OLT/DBA.cc:1621:48: warning: comparison between signed and unsigned integer expressions [-Wsign-compare]
             for(int i = 0; i < costMatrix.size(); i++)
                                                ^
OLT/DBA.cc:1606:12: warning: variable ‘cost’ set but not used [-Wunused-but-set-variable]
     double cost;
            ^
Creating executable: out/gcc-debug//myTest20140210-10G
00:56:28 **** Incremental Build of configuration gcc-debug for project myTest20140210-10G ****
make MODE=debug CONFIGNAME=gcc-debug all 
15:23:53 **** Incremental Build of configuration gcc-debug for project myTest20140210-10G ****
make MODE=debug CONFIGNAME=gcc-debug all 
16:39:27 **** Incremental Build of configuration gcc-debug for project myTest20140210-10G ****
make MODE=debug CONFIGNAME=gcc-debug all 
ONU/Scheduler.cc
ONU/Classifier.cc
ONU/Classifier.cc: In member function ‘virtual void Classifier::finish()’:
ONU/Classifier.cc:176:43: warning: comparison between signed and unsigned integer expressions [-Wsign-compare]
     if (getParentModule()->getId() - 1 == onuSize)
                                           ^
ONU/Classifier.cc:195:43: warning: comparison between signed and unsigned integer expressions [-Wsign-compare]
     if (getParentModule()->getId() - 1 == onuSize)
                                           ^
ONU/Classifier.cc: In member function ‘void Classifier::recvGateProcess(MPCPGate*)’:
ONU/Classifier.cc:222:14: warning: unused variable ‘downQueueLength’ [-Wunused-variable]
     uint16_t downQueueLength = gt->getQueueLength(0) + gt->getQueueLength(1);
              ^
Creating executable: out/gcc-debug//myTest20140210-10G
16:08:44 **** Incremental Build of configuration gcc-debug for project myTest20140210-10G ****
make MODE=debug CONFIGNAME=gcc-debug all 
02:33:40 **** Incremental Build of configuration gcc-debug for project myTest20140210-10G ****
make MODE=debug CONFIGNAME=gcc-debug all 
22:48:03 **** Incremental Build of configuration gcc-debug for project myTest20140210-10G ****
make MODE=debug CONFIGNAME=gcc-debug all 
MPCPtools/MPCPTools.cc
OLT/DBA.cc
OLT/DBA.cc: In member function ‘void DBA::hungarian()’:
OLT/DBA.cc:1621:48: warning: comparison between signed and unsigned integer expressions [-Wsign-compare]
             for(int i = 0; i < costMatrix.size(); i++)
                                                ^
OLT/DBA.cc:1606:12: warning: variable ‘cost’ set but not used [-Wunused-but-set-variable]
     double cost;
            ^
OLT/OLT_Scheduler.cc
OLT/ONUTable.cc
ONU/PowerControler.cc
ONU/PowerControler.cc: In member function ‘virtual void PowerControler::finish()’:
ONU/PowerControler.cc:172:43: warning: comparison between signed and unsigned integer expressions [-Wsign-compare]
     if (getParentModule()->getId() - 1 == onuSize)
                                           ^
ONU/Scheduler.cc
ONU/Classifier.cc
ONU/Classifier.cc: In member function ‘virtual void Classifier::finish()’:
ONU/Classifier.cc:176:43: warning: comparison between signed and unsigned integer expressions [-Wsign-compare]
     if (getParentModule()->getId() - 1 == onuSize)
                                           ^
ONU/Classifier.cc:195:43: warning: comparison between signed and unsigned integer expressions [-Wsign-compare]
     if (getParentModule()->getId() - 1 == onuSize)
                                           ^
ONU/Classifier.cc: In member function ‘void Classifier::recvGateProcess(MPCPGate*)’:
ONU/Classifier.cc:222:14: warning: unused variable ‘downQueueLength’ [-Wunused-variable]
     uint16_t downQueueLength = gt->getQueueLength(0) + gt->getQueueLength(1);
              ^
Splitter/PON_Splitter.cc
traffic_gen/LocalNetwork.cc
traffic_gen/CoreNetwork.cc
traffic_gen/TrafficGen.cc
traffic_gen/Messages/EPON_messages_m.cc
Creating executable: out/gcc-debug//myTest20140210-10G
23:29:14 **** Incremental Build of configuration gcc-debug for project myTest20140210-10G ****
make MODE=debug CONFIGNAME=gcc-debug all 
OLT/DBA.cc
OLT/DBA.cc: In member function ‘void DBA::hungarian()’:
OLT/DBA.cc:1621:48: warning: comparison between signed and unsigned integer expressions [-Wsign-compare]
             for(int i = 0; i < costMatrix.size(); i++)
                                                ^
OLT/DBA.cc:1606:12: warning: variable ‘cost’ set but not used [-Wunused-but-set-variable]
     double cost;
            ^
ONU/Classifier.cc
ONU/Classifier.cc: In member function ‘virtual void Classifier::finish()’:
ONU/Classifier.cc:176:43: warning: comparison between signed and unsigned integer expressions [-Wsign-compare]
     if (getParentModule()->getId() - 1 == onuSize)
                                           ^
ONU/Classifier.cc:195:43: warning: comparison between signed and unsigned integer expressions [-Wsign-compare]
     if (getParentModule()->getId() - 1 == onuSize)
                                           ^
ONU/Classifier.cc: In member function ‘void Classifier::recvGateProcess(MPCPGate*)’:
ONU/Classifier.cc:222:14: warning: unused variable ‘downQueueLength’ [-Wunused-variable]
     uint32_t downQueueLength = gt->getQueueLength(0) + gt->getQueueLength(1);
              ^
Creating executable: out/gcc-debug//myTest20140210-10G
11:43:42 **** Incremental Build of configuration gcc-debug for project myTest20140210-10G ****
make MODE=debug CONFIGNAME=gcc-debug all 
20:19:52 **** Incremental Build of configuration gcc-debug for project myTest20140210-10G ****
make MODE=debug CONFIGNAME=gcc-debug all 
11:58:43 **** Incremental Build of configuration gcc-debug for project myTest20140210-10G ****
make MODE=debug CONFIGNAME=gcc-debug all 
17:50:22 **** Incremental Build of configuration gcc-debug for project myTest20140210-10G ****
make MODE=debug CONFIGNAME=gcc-debug all 
OLT/DBA.cc
OLT/DBA.cc: In member function ‘void DBA::hungarian()’:
OLT/DBA.cc:1622:48: warning: comparison between signed and unsigned integer expressions [-Wsign-compare]
             for(int i = 0; i < costMatrix.size(); i++)
                                                ^
OLT/DBA.cc:1607:12: warning: variable ‘cost’ set but not used [-Wunused-but-set-variable]
     double cost;
            ^
Creating executable: out/gcc-debug//myTest20140210-10G
14:55:39 **** Incremental Build of configuration gcc-debug for project myTest20140210-10G ****
make MODE=debug CONFIGNAME=gcc-debug all 
13:44:14 **** Incremental Build of configuration gcc-debug for project myTest20140210-10G ****
make MODE=debug CONFIGNAME=gcc-debug all 
15:39:57 **** Incremental Build of configuration gcc-debug for project myTest20140210-10G ****
make MODE=debug CONFIGNAME=gcc-debug all 
15:43:37 **** Incremental Build of configuration gcc-debug for project myTest20140210-10G ****
make MODE=debug CONFIGNAME=gcc-debug all 
OLT/DBA.cc
OLT/DBA.cc: In member function ‘void DBA::hungarian()’:
OLT/DBA.cc:1622:48: warning: comparison between signed and unsigned integer expressions [-Wsign-compare]
             for(int i = 0; i < costMatrix.size(); i++)
                                                ^
OLT/DBA.cc:1607:12: warning: variable ‘cost’ set but not used [-Wunused-but-set-variable]
     double cost;
            ^
Creating executable: out/gcc-debug//myTest20140210-10G
20:13:40 **** Incremental Build of configuration gcc-debug for project myTest20140210-10G ****
make MODE=debug CONFIGNAME=gcc-debug all 
03:46:43 **** Incremental Build of configuration gcc-debug for project myTest20140210-10G ****
make MODE=debug CONFIGNAME=gcc-debug all 
16:29:15 **** Build of configuration gcc-debug for project myTest20140210-10G ****
make MODE=debug CONFIGNAME=gcc-debug all 
OLT/DBA.cc
OLT/DBA.cc: In member function ‘void DBA::hungarian()’:
OLT/DBA.cc:1615:48: warning: comparison between signed and unsigned integer expressions [-Wsign-compare]
             for(int i = 0; i < costMatrix.size(); i++)
                                                ^
OLT/DBA.cc:1600:12: warning: variable ‘cost’ set but not used [-Wunused-but-set-variable]
     double cost;
            ^
OLT/OLT_Scheduler.cc
ONU/Scheduler.cc
Creating executable: out/gcc-debug//myTest20140210-10G
16:32:54 **** Incremental Build of configuration gcc-debug for project myTest20140210-10G ****
make MODE=debug CONFIGNAME=gcc-debug all 
16:35:01 **** Incremental Build of configuration gcc-debug for project myTest20140210-10G ****
make MODE=debug CONFIGNAME=gcc-debug all 
OLT/DBA.cc
OLT/DBA.cc: In member function ‘void DBA::hungarian()’:
OLT/DBA.cc:1615:48: warning: comparison between signed and unsigned integer expressions [-Wsign-compare]
             for(int i = 0; i < costMatrix.size(); i++)
                                                ^
OLT/DBA.cc:1600:12: warning: variable ‘cost’ set but not used [-Wunused-but-set-variable]
     double cost;
            ^
OLT/OLT_Scheduler.cc
ONU/Scheduler.cc
Creating executable: out/gcc-debug//myTest20140210-10G
16:40:33 **** Incremental Build of configuration gcc-debug for project myTest20140210-10G ****
make MODE=debug CONFIGNAME=gcc-debug all 
